{"/Users/chen/webpack-studio/builder-webpack/lib/webpack.base.js":{"path":"/Users/chen/webpack-studio/builder-webpack/lib/webpack.base.js","s":{"1":1,"2":1,"3":1,"4":1,"5":1,"6":1,"7":1,"8":1,"9":1,"10":1,"11":1,"12":1,"13":3,"14":3,"15":3,"16":3,"17":3,"18":3,"19":3,"20":1,"21":1,"22":1,"23":0,"24":0,"25":0,"26":0},"b":{"1":[3,3],"2":[0,0],"3":[0,0,0]},"f":{"1":0},"fnMap":{"1":{"name":"webpackErrorPlugin","line":123,"loc":{"start":{"line":123,"column":4},"end":{"line":123,"column":34}}}},"statementMap":{"1":{"start":{"line":1,"column":0},"end":{"line":1,"column":52}},"2":{"start":{"line":2,"column":0},"end":{"line":2,"column":52}},"3":{"start":{"line":3,"column":0},"end":{"line":3,"column":71}},"4":{"start":{"line":4,"column":0},"end":{"line":4,"column":68}},"5":{"start":{"line":5,"column":0},"end":{"line":5,"column":78}},"6":{"start":{"line":6,"column":0},"end":{"line":6,"column":67}},"7":{"start":{"line":10,"column":0},"end":{"line":10,"column":34}},"8":{"start":{"line":12,"column":0},"end":{"line":47,"column":2}},"9":{"start":{"line":13,"column":2},"end":{"line":13,"column":32}},"10":{"start":{"line":14,"column":2},"end":{"line":14,"column":32}},"11":{"start":{"line":15,"column":2},"end":{"line":15,"column":83}},"12":{"start":{"line":17,"column":2},"end":{"line":41,"column":5}},"13":{"start":{"line":18,"column":4},"end":{"line":18,"column":52}},"14":{"start":{"line":19,"column":4},"end":{"line":19,"column":74}},"15":{"start":{"line":20,"column":4},"end":{"line":20,"column":52}},"16":{"start":{"line":21,"column":4},"end":{"line":21,"column":37}},"17":{"start":{"line":23,"column":4},"end":{"line":23,"column":32}},"18":{"start":{"line":25,"column":4},"end":{"line":38,"column":6}},"19":{"start":{"line":40,"column":4},"end":{"line":40,"column":76}},"20":{"start":{"line":43,"column":2},"end":{"line":46,"column":4}},"21":{"start":{"line":49,"column":0},"end":{"line":49,"column":47}},"22":{"start":{"line":51,"column":0},"end":{"line":137,"column":2}},"23":{"start":{"line":124,"column":6},"end":{"line":132,"column":9}},"24":{"start":{"line":125,"column":8},"end":{"line":131,"column":9}},"25":{"start":{"line":129,"column":10},"end":{"line":129,"column":37}},"26":{"start":{"line":130,"column":10},"end":{"line":130,"column":26}}},"branchMap":{"1":{"line":20,"type":"binary-expr","locations":[{"start":{"line":20,"column":34},"end":{"line":20,"column":39}},{"start":{"line":20,"column":43},"end":{"line":20,"column":51}}]},"2":{"line":125,"type":"if","locations":[{"start":{"line":125,"column":8},"end":{"line":125,"column":8}},{"start":{"line":125,"column":8},"end":{"line":125,"column":8}}]},"3":{"line":125,"type":"binary-expr","locations":[{"start":{"line":125,"column":12},"end":{"line":125,"column":36}},{"start":{"line":126,"column":15},"end":{"line":126,"column":46}},{"start":{"line":127,"column":15},"end":{"line":127,"column":53}}]}}}}